<?xml version="1.0" encoding="UTF-8"?>
<testng-results ignored="0" total="1" passed="1" failed="0" skipped="0">
  <reporter-output>
  </reporter-output>
  <suite started-at="2020-10-21T01:52:54 BST" name="Default suite" finished-at="2020-10-21T01:53:07 BST" duration-ms="12822">
    <groups>
    </groups>
    <test started-at="2020-10-21T01:52:54 BST" name="Default test" finished-at="2020-10-21T01:53:07 BST" duration-ms="12822">
      <class name="Tests.Test_5">
        <test-method is-config="true" signature="initializeWebDriver()[pri:0, instance:Tests.Test_5@6ce139a4]" started-at="2020-10-21T01:52:54 BST" name="initializeWebDriver" finished-at="2020-10-21T01:52:59 BST" duration-ms="4668" status="PASS">
          <reporter-output>
          </reporter-output>
        </test-method> <!-- initializeWebDriver -->
        <test-method signature="test_5()[pri:0, instance:Tests.Test_5@6ce139a4]" started-at="2020-10-21T01:52:59 BST" name="test_5" finished-at="2020-10-21T01:53:07 BST" duration-ms="8103" status="PASS">
          <reporter-output>
          </reporter-output>
        </test-method> <!-- test_5 -->
        <test-method is-config="true" signature="quit()[pri:0, instance:Tests.Test_5@6ce139a4]" started-at="2020-10-21T01:53:07 BST" name="quit" finished-at="2020-10-21T01:53:07 BST" duration-ms="0" status="PASS">
          <reporter-output>
          </reporter-output>
        </test-method> <!-- quit -->
      </class> <!-- Tests.Test_5 -->
    </test> <!-- Default test -->
  </suite> <!-- Default suite -->
</testng-results>
