<?xml version="1.0" encoding="UTF-8"?>
<testng-results ignored="0" total="1" passed="1" failed="0" skipped="0">
  <reporter-output>
  </reporter-output>
  <suite started-at="2020-10-21T02:12:24 BST" name="Surefire suite" finished-at="2020-10-21T02:12:24 BST" duration-ms="62">
    <groups>
    </groups>
    <test started-at="2020-10-21T02:12:24 BST" name="Surefire test" finished-at="2020-10-21T02:12:24 BST" duration-ms="62">
      <class name="SeleniumArtifact.AnswerDigitalMavenProject.AppTest">
        <test-method signature="shouldAnswerWithTrue()" started-at="2020-10-21T02:12:24 BST" name="shouldAnswerWithTrue" finished-at="2020-10-21T02:12:24 BST" duration-ms="9" status="PASS">
          <reporter-output>
          </reporter-output>
        </test-method> <!-- shouldAnswerWithTrue -->
      </class> <!-- SeleniumArtifact.AnswerDigitalMavenProject.AppTest -->
    </test> <!-- Surefire test -->
  </suite> <!-- Surefire suite -->
</testng-results>
